<?xml version="1.0" encoding="UTF-8"?>
<!-- Generated by org.testng.reporters.JUnitReportReporter -->
<testsuite hostname="NTK2032" failures="0" tests="2" name="Edit.EcoTesting.Clase5" time="9.770" errors="0" timestamp="2022-06-15T20:34:22 ART" skipped="0">
  <testcase classname="Edit.EcoTesting.Clase5" name="irContactUs" time="6.503"/>
  <system-out/>
  <testcase classname="Edit.EcoTesting.Clase5" name="buscarPalabra" time="3.267"/>
  <system-out/>
</testsuite> <!-- Edit.EcoTesting.Clase5 -->
