<?xml version="1.0" encoding="UTF-8"?>
<!-- Generated by org.testng.reporters.JUnitReportReporter -->
<testsuite hostname="NTK2032" failures="0" tests="1" name="Edit.EcoTesting.AppTest" time="0.013" errors="0" timestamp="2022-06-17T20:40:17 ART" skipped="0">
  <testcase classname="Edit.EcoTesting.AppTest" name="imprimirEnConcola" time="0.013"/>
  <system-out/>
</testsuite> <!-- Edit.EcoTesting.AppTest -->
