<?xml version="1.0" encoding="UTF-8"?>
<!-- Generated by org.testng.reporters.JUnitReportReporter -->
<testsuite hostname="NTK2032" failures="0" tests="2" name="Edit.EcoTesting.Clase6" time="20.248" errors="0" timestamp="2022-06-20T19:03:55 ART" skipped="0">
  <testcase classname="Edit.EcoTesting.Clase6" name="login" time="6.203"/>
  <system-out/>
  <testcase classname="Edit.EcoTesting.Clase6" name="loginConDocumento" time="14.045"/>
  <system-out/>
</testsuite> <!-- Edit.EcoTesting.Clase6 -->
