<?xml version="1.0" encoding="UTF-8"?>
<!-- Generated by org.testng.reporters.JUnitReportReporter -->
<testsuite hostname="NTK2032" failures="0" tests="1" name="Edit.EcoTesting.Clase7" time="0.145" errors="0" timestamp="2022-06-21T19:19:43 ART" skipped="0">
  <testcase classname="Edit.EcoTesting.Clase7" name="leerValoresTabla" time="0.145"/>
  <system-out/>
</testsuite> <!-- Edit.EcoTesting.Clase7 -->
