<?xml version="1.0" encoding="UTF-8"?>
<!-- Generated by org.testng.reporters.JUnitReportReporter -->
<testsuite hostname="NTK2032" failures="0" tests="2" name="Edit.EcoTesting.Asignacion5" time="19.038" errors="0" timestamp="2022-06-21T17:37:58 ART" skipped="0">
  <testcase classname="Edit.EcoTesting.Asignacion5" name="inicioSesion" time="10.915"/>
  <system-out/>
  <testcase classname="Edit.EcoTesting.Asignacion5" name="comprarProducto" time="8.123"/>
  <system-out/>
</testsuite> <!-- Edit.EcoTesting.Asignacion5 -->
