<?xml version="1.0" encoding="UTF-8"?>
<!-- Generated by org.testng.reporters.JUnitReportReporter -->
<testsuite hostname="NTK2032" failures="0" tests="1" name="Prueba.AutomationPracticeTest" time="2.056" errors="0" timestamp="2022-06-24T21:47:19 ART" skipped="0">
  <testcase classname="Prueba.AutomationPracticeTest" name="buscarPalabra" time="2.056"/>
  <system-out/>
</testsuite> <!-- Prueba.AutomationPracticeTest -->
