<?xml version="1.0" encoding="UTF-8"?>
<!-- Generated by org.testng.reporters.JUnitReportReporter -->
<testsuite hostname="NTK2032" failures="0" tests="5" name="Edit.EcoTesting.Clase6b" time="25.968" errors="0" timestamp="2022-06-23T00:03:56 ART" skipped="0">
  <testcase classname="Edit.EcoTesting.Clase6b" name="login" time="7.253"/>
  <system-out/>
  <testcase classname="Edit.EcoTesting.Clase6b" name="login" time="6.571"/>
  <system-out/>
  <testcase classname="Edit.EcoTesting.Clase6b" name="login" time="3.308"/>
  <system-out/>
  <testcase classname="Edit.EcoTesting.Clase6b" name="login" time="3.381"/>
  <system-out/>
  <testcase classname="Edit.EcoTesting.Clase6b" name="login" time="5.455"/>
  <system-out/>
</testsuite> <!-- Edit.EcoTesting.Clase6b -->
