<?xml version="1.0" encoding="UTF-8"?>
<!-- Generated by org.testng.reporters.JUnitReportReporter -->
<testsuite hostname="NTK2032" failures="0" tests="4" name="Pruebas.SauceDemoTest" time="1.472" errors="0" timestamp="2022-06-25T01:30:52 ART" skipped="0">
  <testcase classname="Pruebas.SauceDemoTest" name="ingresar" time="0.506"/>
  <system-out/>
  <testcase classname="Pruebas.SauceDemoTest" name="generarOrden" time="0.352"/>
  <system-out/>
  <testcase classname="Pruebas.SauceDemoTest" name="irAPagar" time="0.114"/>
  <system-out/>
  <testcase classname="Pruebas.SauceDemoTest" name="DatosPago" time="0.500"/>
  <system-out/>
</testsuite> <!-- Pruebas.SauceDemoTest -->
