<?xml version="1.0" encoding="UTF-8"?>
<!-- Generated by org.testng.reporters.JUnitReportReporter -->
<testsuite hostname="NTK2032" failures="0" tests="5" name="Pruebas.SauceDemoTest" time="2.000" errors="0" timestamp="2022-07-12T00:56:12 ART" skipped="0">
  <testcase classname="Pruebas.SauceDemoTest" name="ingresar" time="0.402"/>
  <system-out/>
  <testcase classname="Pruebas.SauceDemoTest" name="generarOrden" time="0.267"/>
  <system-out/>
  <testcase classname="Pruebas.SauceDemoTest" name="irAPagar" time="0.119"/>
  <system-out/>
  <testcase classname="Pruebas.SauceDemoTest" name="DatosPago" time="0.432"/>
  <system-out/>
  <testcase classname="Pruebas.SauceDemoTest" name="salirDePagina" time="0.780"/>
  <system-out/>
</testsuite> <!-- Pruebas.SauceDemoTest -->
