<?xml version="1.0" encoding="UTF-8"?>
<!-- Generated by org.testng.reporters.JUnitReportReporter -->
<testsuite hostname="NTK2032" failures="0" tests="5" name="Pruebas.SauceDemoTest" time="1.773" errors="0" timestamp="2022-06-27T17:59:25 ART" skipped="0">
  <testcase classname="Pruebas.SauceDemoTest" name="ingresar" time="0.478"/>
  <system-out/>
  <testcase classname="Pruebas.SauceDemoTest" name="generarOrden" time="0.407"/>
  <system-out/>
  <testcase classname="Pruebas.SauceDemoTest" name="irAPagar" time="0.117"/>
  <system-out/>
  <testcase classname="Pruebas.SauceDemoTest" name="DatosPago" time="0.494"/>
  <system-out/>
  <testcase classname="Pruebas.SauceDemoTest" name="salirDePagina" time="0.277"/>
  <system-out/>
</testsuite> <!-- Pruebas.SauceDemoTest -->
