<?xml version="1.0" encoding="UTF-8"?>
<!-- Generated by org.testng.reporters.JUnitReportReporter -->
<testsuite hostname="NTK2032" failures="0" tests="1" name="Edit.NuevoExcel.AppTest" time="0.014" errors="0" timestamp="2022-07-07T23:25:43 ART" skipped="0">
  <testcase classname="Edit.NuevoExcel.AppTest" name="shouldAnswerWithTrue" time="0.014"/>
  <system-out/>
</testsuite> <!-- Edit.NuevoExcel.AppTest -->
